<?xml version="1.0" encoding="UTF-8" standalone="no"?>
<!DOCTYPE log SYSTEM "logger.dtd">
<log>
<record>
  <date>2018-07-26T14:20:52.785-0300</date>
  <logger>GABRIEL MAX VIEIRA MATOS</logger>
  <level>FINE</level>
  <message>File 117110060-GABRIEL MAX VIEIRA MATOS.zip was received. It was sent by GABRIEL MAX VIEIRA MATOS from IP 150.165.42.111</message>
</record>
</log>
<?xml version="1.0" encoding="UTF-8" standalone="no"?>
<!DOCTYPE log SYSTEM "logger.dtd">
<log>
<record>
  <date>2018-07-26T15:36:29.242-0300</date>
  <logger>GABRIEL MAX VIEIRA MATOS</logger>
  <level>FINE</level>
  <message>File 117110060-GABRIEL MAX VIEIRA MATOS.zip was received. It was sent by GABRIEL MAX VIEIRA MATOS from IP 150.165.42.111</message>
</record>
</log>
<?xml version="1.0" encoding="UTF-8" standalone="no"?>
<!DOCTYPE log SYSTEM "logger.dtd">
<log>
<record>
  <date>2018-07-26T15:38:23.069-0300</date>
  <logger>GABRIEL MAX VIEIRA MATOS</logger>
  <level>FINE</level>
  <message>File 117110060-GABRIEL MAX VIEIRA MATOS.zip was received. It was sent by GABRIEL MAX VIEIRA MATOS from IP 150.165.42.111</message>
</record>
