<?xml version="1.0" encoding="UTF-8" standalone="no"?>
<!DOCTYPE log SYSTEM "logger.dtd">
<log>
<record>
  <date>2018-06-11T16:22:11.523-0300</date>
  <logger>GABRIEL MAX VIEIRA MATOS</logger>
  <level>FINE</level>
  <message>File 117110060-GABRIEL MAX VIEIRA MATOS.zip was received. It was sent by GABRIEL MAX VIEIRA MATOS from IP 150.165.42.197</message>
</record>
</log>
<?xml version="1.0" encoding="UTF-8" standalone="no"?>
<!DOCTYPE log SYSTEM "logger.dtd">
<log>
<record>
  <date>2018-06-14T09:11:05.736-0300</date>
  <logger>GABRIEL MAX VIEIRA MATOS</logger>
  <level>FINE</level>
  <message>File 117110060-GABRIEL MAX VIEIRA MATOS.zip was received. It was sent by GABRIEL MAX VIEIRA MATOS from IP 150.165.74.133</message>
</record>
</log>
<?xml version="1.0" encoding="UTF-8" standalone="no"?>
<!DOCTYPE log SYSTEM "logger.dtd">
<log>
<record>
  <date>2018-06-14T09:18:03.043-0300</date>
  <logger>GABRIEL MAX VIEIRA MATOS</logger>
  <level>FINE</level>
  <message>File 117110060-GABRIEL MAX VIEIRA MATOS.zip was received. It was sent by GABRIEL MAX VIEIRA MATOS from IP 150.165.74.133</message>
</record>
</log>
<?xml version="1.0" encoding="UTF-8" standalone="no"?>
<!DOCTYPE log SYSTEM "logger.dtd">
<log>
<record>
  <date>2018-06-14T09:19:14.143-0300</date>
  <logger>GABRIEL MAX VIEIRA MATOS</logger>
  <level>FINE</level>
  <message>File 117110060-GABRIEL MAX VIEIRA MATOS.zip was received. It was sent by GABRIEL MAX VIEIRA MATOS from IP 150.165.74.133</message>
</record>
</log>
<?xml version="1.0" encoding="UTF-8" standalone="no"?>
<!DOCTYPE log SYSTEM "logger.dtd">
<log>
<record>
  <date>2018-06-14T09:19:44.291-0300</date>
  <logger>GABRIEL MAX VIEIRA MATOS</logger>
  <level>FINE</level>
  <message>File 117110060-GABRIEL MAX VIEIRA MATOS.zip was received. It was sent by GABRIEL MAX VIEIRA MATOS from IP 150.165.74.133</message>
</record>
</log>
<?xml version="1.0" encoding="UTF-8" standalone="no"?>
<!DOCTYPE log SYSTEM "logger.dtd">
<log>
<record>
  <date>2018-06-14T09:19:58.234-0300</date>
  <logger>GABRIEL MAX VIEIRA MATOS</logger>
  <level>FINE</level>
  <message>File 117110060-GABRIEL MAX VIEIRA MATOS.zip was received. It was sent by GABRIEL MAX VIEIRA MATOS from IP 150.165.74.133</message>
</record>
</log>
<?xml version="1.0" encoding="UTF-8" standalone="no"?>
<!DOCTYPE log SYSTEM "logger.dtd">
<log>
<record>
  <date>2018-06-15T15:19:18.013-0300</date>
  <logger>GABRIEL MAX VIEIRA MATOS</logger>
  <level>FINE</level>
  <message>File 117110060-GABRIEL MAX VIEIRA MATOS.zip was received. It was sent by GABRIEL MAX VIEIRA MATOS from IP 192.168.0.6</message>
</record>
