<?xml version="1.0" encoding="UTF-8" standalone="no"?>
<!DOCTYPE log SYSTEM "logger.dtd">
<log>
<record>
  <date>2018-06-04T16:15:56.357-0300</date>
  <logger>GABRIEL MAX VIEIRA MATOS</logger>
  <level>FINE</level>
  <message>File 117110060-GABRIEL MAX VIEIRA MATOS.zip was received. It was sent by GABRIEL MAX VIEIRA MATOS from IP 150.165.42.219</message>
</record>
</log>
<?xml version="1.0" encoding="UTF-8" standalone="no"?>
<!DOCTYPE log SYSTEM "logger.dtd">
<log>
<record>
  <date>2018-06-05T12:30:59.872-0300</date>
  <logger>GABRIEL MAX VIEIRA MATOS</logger>
  <level>FINE</level>
  <message>File 117110060-GABRIEL MAX VIEIRA MATOS.zip was received. It was sent by GABRIEL MAX VIEIRA MATOS from IP 192.168.0.6</message>
</record>
</log>
<?xml version="1.0" encoding="UTF-8" standalone="no"?>
<!DOCTYPE log SYSTEM "logger.dtd">
<log>
<record>
  <date>2018-06-05T18:07:36.792-0300</date>
  <logger>GABRIEL MAX VIEIRA MATOS</logger>
  <level>FINE</level>
  <message>File 117110060-GABRIEL MAX VIEIRA MATOS.zip was received. It was sent by GABRIEL MAX VIEIRA MATOS from IP 192.168.0.6</message>
</record>
